<?xml version="1.0" encoding="UTF-8"?>
<!-- Generated by org.testng.reporters.JUnitReportReporter -->
<testsuite skipped="0" hostname="HP-PC" name="WebTesting.AutomationTask.TC001_VerifyAddUserDetails" tests="1" failures="0" timestamp="05 Jan 2019 11:47:21 GMT" time="23.282" errors="0">
  <testcase name="AbsaAssessmentTest" time="23.282" classname="WebTesting.AutomationTask.TC001_VerifyAddUserDetails"/>
</testsuite> <!-- WebTesting.AutomationTask.TC001_VerifyAddUserDetails -->
